<?xml version="1.0" encoding="UTF-8"?>
<testng-results skipped="0" failed="0" total="1" passed="1">
  <reporter-output>
  </reporter-output>
  <suite name="Command line suite" duration-ms="24" started-at="2017-04-22T18:55:43Z" finished-at="2017-04-22T18:55:43Z">
    <groups>
    </groups>
    <test name="Command line test" duration-ms="24" started-at="2017-04-22T18:55:43Z" finished-at="2017-04-22T18:55:43Z">
      <class name="ejemploSonar.ejemploSonarTest">
        <test-method status="PASS" signature="testStudyGroupClass()[pri:0, instance:ejemploSonar.ejemploSonarTest@4c75cab9]" name="testStudyGroupClass" duration-ms="11" started-at="2017-04-22T20:55:43Z" finished-at="2017-04-22T20:55:43Z">
          <reporter-output>
          </reporter-output>
        </test-method> <!-- testStudyGroupClass -->
      </class> <!-- ejemploSonar.ejemploSonarTest -->
    </test> <!-- Command line test -->
  </suite> <!-- Command line suite -->
</testng-results>
